Performing C SOURCE FILE Test CMAKE_HAVE_LIBC_PTHREAD failed with the following output:
Change Dir: /home/josh/cmpt433/work/Music-BeagleYAI/build/CMakeFiles/CMakeScratch/TryCompile-38ryvO

Run Build Command(s):/usr/bin/gmake -f Makefile cmTC_0a0a9/fast && /usr/bin/gmake  -f CMakeFiles/cmTC_0a0a9.dir/build.make CMakeFiles/cmTC_0a0a9.dir/build
gmake[1]: Entering directory '/home/josh/cmpt433/work/Music-BeagleYAI/build/CMakeFiles/CMakeScratch/TryCompile-38ryvO'
Building C object CMakeFiles/cmTC_0a0a9.dir/src.c.o
/usr/bin/c89-gcc -DCMAKE_HAVE_LIBC_PTHREAD  -std=gnu11 -o CMakeFiles/cmTC_0a0a9.dir/src.c.o -c /home/josh/cmpt433/work/Music-BeagleYAI/build/CMakeFiles/CMakeScratch/TryCompile-38ryvO/src.c
c89-gcc called with non ANSI/ISO C option -std=gnu11
gmake[1]: *** [CMakeFiles/cmTC_0a0a9.dir/build.make:78: CMakeFiles/cmTC_0a0a9.dir/src.c.o] Error 1
gmake[1]: Leaving directory '/home/josh/cmpt433/work/Music-BeagleYAI/build/CMakeFiles/CMakeScratch/TryCompile-38ryvO'
gmake: *** [Makefile:127: cmTC_0a0a9/fast] Error 2


Source file was:
#include <pthread.h>

static void* test_func(void* data)
{
  return data;
}

int main(void)
{
  pthread_t thread;
  pthread_create(&thread, NULL, test_func, NULL);
  pthread_detach(thread);
  pthread_cancel(thread);
  pthread_join(thread, NULL);
  pthread_atfork(NULL, NULL, NULL);
  pthread_exit(NULL);

  return 0;
}


Determining if the function pthread_create exists in the pthreads failed with the following output:
Change Dir: /home/josh/cmpt433/work/Music-BeagleYAI/build/CMakeFiles/CMakeScratch/TryCompile-wDinC5

Run Build Command(s):/usr/bin/gmake -f Makefile cmTC_c468d/fast && /usr/bin/gmake  -f CMakeFiles/cmTC_c468d.dir/build.make CMakeFiles/cmTC_c468d.dir/build
gmake[1]: Entering directory '/home/josh/cmpt433/work/Music-BeagleYAI/build/CMakeFiles/CMakeScratch/TryCompile-wDinC5'
Building C object CMakeFiles/cmTC_c468d.dir/CheckFunctionExists.c.o
/usr/bin/c89-gcc   -DCHECK_FUNCTION_EXISTS=pthread_create -std=gnu11 -o CMakeFiles/cmTC_c468d.dir/CheckFunctionExists.c.o -c /home/josh/cmpt433/work/Music-BeagleYAI/build/CMakeFiles/CMakeScratch/TryCompile-wDinC5/CheckFunctionExists.c
c89-gcc called with non ANSI/ISO C option -std=gnu11
gmake[1]: *** [CMakeFiles/cmTC_c468d.dir/build.make:78: CMakeFiles/cmTC_c468d.dir/CheckFunctionExists.c.o] Error 1
gmake[1]: Leaving directory '/home/josh/cmpt433/work/Music-BeagleYAI/build/CMakeFiles/CMakeScratch/TryCompile-wDinC5'
gmake: *** [Makefile:127: cmTC_c468d/fast] Error 2



Determining if the function pthread_create exists in the pthread failed with the following output:
Change Dir: /home/josh/cmpt433/work/Music-BeagleYAI/build/CMakeFiles/CMakeScratch/TryCompile-PALL1a

Run Build Command(s):/usr/bin/gmake -f Makefile cmTC_1100c/fast && /usr/bin/gmake  -f CMakeFiles/cmTC_1100c.dir/build.make CMakeFiles/cmTC_1100c.dir/build
gmake[1]: Entering directory '/home/josh/cmpt433/work/Music-BeagleYAI/build/CMakeFiles/CMakeScratch/TryCompile-PALL1a'
Building C object CMakeFiles/cmTC_1100c.dir/CheckFunctionExists.c.o
/usr/bin/c89-gcc   -DCHECK_FUNCTION_EXISTS=pthread_create -std=gnu11 -o CMakeFiles/cmTC_1100c.dir/CheckFunctionExists.c.o -c /home/josh/cmpt433/work/Music-BeagleYAI/build/CMakeFiles/CMakeScratch/TryCompile-PALL1a/CheckFunctionExists.c
c89-gcc called with non ANSI/ISO C option -std=gnu11
gmake[1]: *** [CMakeFiles/cmTC_1100c.dir/build.make:78: CMakeFiles/cmTC_1100c.dir/CheckFunctionExists.c.o] Error 1
gmake[1]: Leaving directory '/home/josh/cmpt433/work/Music-BeagleYAI/build/CMakeFiles/CMakeScratch/TryCompile-PALL1a'
gmake: *** [Makefile:127: cmTC_1100c/fast] Error 2



